<?xml version="1.0" encoding="UTF-8"?>
<!-- Generated by org.testng.reporters.JUnitReportReporter -->
<testsuite hostname="Lathavya-pc" name="script.BiologyPlanSearchTest" tests="1" failures="0" timestamp="26 Nov 2018 17:50:33 GMT" time="40.217" errors="0">
  <testcase name="TestBiologyplanpage" time="40.217" classname="script.BiologyPlanSearchTest"/>
</testsuite> <!-- script.BiologyPlanSearchTest -->
