<?xml version="1.0" encoding="UTF-8"?>
<!-- Generated by org.testng.reporters.JUnitReportReporter -->
<testsuite hostname="Lathavya-pc" name="script.Tests" tests="1" failures="0" timestamp="28 Nov 2018 05:41:45 GMT" time="20.876" errors="0">
  <testcase name="monitering" time="20.876" classname="script.Tests"/>
</testsuite> <!-- script.Tests -->
