<?xml version="1.0" encoding="UTF-8"?>
<!-- Generated by org.testng.reporters.JUnitReportReporter -->
<testsuite hostname="Lathavya-pc" name="script.Tests" tests="1" failures="0" timestamp="29 Nov 2018 06:44:52 GMT" time="88.235" errors="0">
  <testcase name="monitering" time="88.235" classname="script.Tests"/>
</testsuite> <!-- script.Tests -->
